[progress] origin 1/366 forecast_date=1990-01-01 wall_s=58.1 models=['RW', 'AR', 'NN', 'LSTM', 'SARIMA', 'MS']
[progress] origin 10/366 forecast_date=1990-10-01 wall_s=117.9 models=['RW', 'AR', 'NN', 'LSTM', 'SARIMA', 'MS']
[progress] origin 20/366 forecast_date=1991-08-01 wall_s=134.5 models=['RW', 'AR', 'NN', 'LSTM', 'SARIMA', 'MS']
[progress] origin 30/366 forecast_date=1992-06-01 wall_s=109.0 models=['RW', 'AR', 'NN', 'LSTM', 'SARIMA', 'MS']
[progress] origin 40/366 forecast_date=1993-04-01 wall_s=205.1 models=['RW', 'AR', 'NN', 'LSTM', 'SARIMA', 'MS']
[progress] origin 50/366 forecast_date=1994-02-01 wall_s=154.4 models=['RW', 'AR', 'NN', 'LSTM', 'SARIMA', 'MS']
[progress] origin 60/366 forecast_date=1994-12-01 wall_s=279.8 models=['RW', 'AR', 'NN', 'LSTM', 'SARIMA', 'MS']
[progress] origin 70/366 forecast_date=1995-10-01 wall_s=177.1 models=['RW', 'AR', 'NN', 'LSTM', 'SARIMA', 'MS']
[progress] origin 80/366 forecast_date=1996-08-01 wall_s=223.3 models=['RW', 'AR', 'NN', 'LSTM', 'SARIMA', 'MS']
[progress] origin 90/366 forecast_date=1997-06-01 wall_s=299.1 models=['RW', 'AR', 'NN', 'LSTM', 'SARIMA', 'MS']
[progress] origin 100/366 forecast_date=1998-04-01 wall_s=312.8 models=['RW', 'AR', 'NN', 'LSTM', 'SARIMA', 'MS']
[progress] origin 110/366 forecast_date=1999-02-01 wall_s=163.4 models=['RW', 'AR', 'NN', 'LSTM', 'SARIMA', 'MS']
[progress] origin 120/366 forecast_date=1999-12-01 wall_s=242.5 models=['RW', 'AR', 'NN', 'LSTM', 'SARIMA', 'MS']
[progress] origin 130/366 forecast_date=2000-10-01 wall_s=238.5 models=['RW', 'AR', 'NN', 'LSTM', 'SARIMA', 'MS']
[progress] origin 140/366 forecast_date=2001-08-01 wall_s=194.3 models=['RW', 'AR', 'NN', 'LSTM', 'SARIMA', 'MS']
[progress] origin 150/366 forecast_date=2002-06-01 wall_s=204.3 models=['RW', 'AR', 'NN', 'LSTM', 'SARIMA', 'MS']
[progress] origin 160/366 forecast_date=2003-04-01 wall_s=175.9 models=['RW', 'AR', 'NN', 'LSTM', 'SARIMA', 'MS']
[progress] origin 170/366 forecast_date=2004-02-01 wall_s=258.4 models=['RW', 'AR', 'NN', 'LSTM', 'SARIMA', 'MS']
[progress] origin 180/366 forecast_date=2004-12-01 wall_s=252.8 models=['RW', 'AR', 'NN', 'LSTM', 'SARIMA', 'MS']
[progress] origin 190/366 forecast_date=2005-10-01 wall_s=252.2 models=['RW', 'AR', 'NN', 'LSTM', 'SARIMA', 'MS']
[progress] origin 200/366 forecast_date=2006-08-01 wall_s=245.2 models=['RW', 'AR', 'NN', 'LSTM', 'SARIMA', 'MS']
[progress] origin 210/366 forecast_date=2007-06-01 wall_s=241.5 models=['RW', 'AR', 'NN', 'LSTM', 'SARIMA', 'MS']
[progress] origin 220/366 forecast_date=2008-04-01 wall_s=161.8 models=['RW', 'AR', 'NN', 'LSTM', 'SARIMA', 'MS']
[progress] origin 230/366 forecast_date=2009-02-01 wall_s=155.5 models=['RW', 'AR', 'NN', 'LSTM', 'SARIMA', 'MS']
[progress] origin 240/366 forecast_date=2009-12-01 wall_s=185.2 models=['RW', 'AR', 'NN', 'LSTM', 'SARIMA', 'MS']
[progress] origin 250/366 forecast_date=2010-10-01 wall_s=154.5 models=['RW', 'AR', 'NN', 'LSTM', 'SARIMA', 'MS']
[progress] origin 260/366 forecast_date=2011-08-01 wall_s=78.0 models=['RW', 'AR', 'NN', 'LSTM', 'SARIMA', 'MS']
[progress] origin 270/366 forecast_date=2012-06-01 wall_s=83.3 models=['RW', 'AR', 'NN', 'LSTM', 'SARIMA', 'MS']
[progress] origin 280/366 forecast_date=2013-04-01 wall_s=77.1 models=['RW', 'AR', 'NN', 'LSTM', 'SARIMA', 'MS']
[progress] origin 290/366 forecast_date=2014-02-01 wall_s=88.9 models=['RW', 'AR', 'NN', 'LSTM', 'SARIMA', 'MS']
[progress] origin 300/366 forecast_date=2014-12-01 wall_s=79.0 models=['RW', 'AR', 'NN', 'LSTM', 'SARIMA', 'MS']
[progress] origin 310/366 forecast_date=2015-10-01 wall_s=81.2 models=['RW', 'AR', 'NN', 'LSTM', 'SARIMA', 'MS']
[progress] origin 320/366 forecast_date=2016-08-01 wall_s=87.1 models=['RW', 'AR', 'NN', 'LSTM', 'SARIMA', 'MS']
[progress] origin 330/366 forecast_date=2017-06-01 wall_s=178.3 models=['RW', 'AR', 'NN', 'LSTM', 'SARIMA', 'MS']
[progress] origin 340/366 forecast_date=2018-04-01 wall_s=181.6 models=['RW', 'AR', 'NN', 'LSTM', 'SARIMA', 'MS']
[progress] origin 350/366 forecast_date=2019-02-01 wall_s=176.0 models=['RW', 'AR', 'NN', 'LSTM', 'SARIMA', 'MS']
[progress] origin 360/366 forecast_date=2019-12-01 wall_s=91.8 models=['RW', 'AR', 'NN', 'LSTM', 'SARIMA', 'MS']
[progress] origin 366/366 forecast_date=2020-06-01 wall_s=159.3 models=['RW', 'AR', 'NN', 'LSTM', 'SARIMA', 'MS']
 model       h1       h2       h3       h4       h5       h6       h7       h8       h9      h10      h11      h12
    RW 0.115684 0.206371 0.239868 0.235845 0.236325 0.241976 0.235965 0.246333 0.241168 0.199239 0.155915 0.146391
    AR 0.089678 0.112592 0.115046 0.115053 0.114399 0.114228 0.113331 0.115084 0.113167 0.106963 0.103761 0.107657
    NN 0.185831 0.233643 0.213670 0.189488 0.220330 0.212636 0.270983 0.261512 0.336988 0.269088 0.329893 0.285384
  LSTM 0.145856 0.169413 0.151293 0.172969 0.160010 0.176541 0.161039 0.158114 0.171373 0.170400 0.185047 0.179092
SARIMA 0.089019 0.113217 0.114820 0.112025 0.110498 0.109349 0.107586 0.107286 0.103613 0.099180 0.099243 0.103965
    MS 0.105947 0.129923 0.127172 0.121383 0.120663 0.120686 0.12065 0.121642 0.120173 0.119163 0.119664 0.120168
